<?xml version="1.0" encoding="UTF-8"?>
<!-- Generated by org.testng.reporters.JUnitXMLReporter -->
<testsuite ignored="0" hostname="DESKTOP-8QG8CLM" failures="1" tests="5" name="chromeTest" time="151.818" errors="0" timestamp="2022-06-13T19:55:28 IST">
  <testcase classname="TestClasses.VerifyUserCanBuyProduct" name="verifyUserCanLogin" time="2.324"/>
  <testcase classname="TestClasses.VerifyUserCanBuyProduct" name="VerifyUserCanSearchProduct" time="4.161"/>
  <testcase classname="TestClasses.VerifyUserCanBuyProduct" name="verifyUserCanSelectProductAndMoveToProductDetailsPage" time="121.473">
    <failure type="java.lang.AssertionError" message="expected [true] but found [false]">
      <![CDATA[java.lang.AssertionError: expected [true] but found [false]
at TestClasses.VerifyUserCanBuyProduct.verifyUserCanSelectProductAndMoveToProductDetailsPage(VerifyUserCanBuyProduct.java:88)
at java.base/java.util.ArrayList.forEach(ArrayList.java:1511)
... Removed 31 stack frames]]>
    </failure>
  </testcase> <!-- verifyUserCanSelectProductAndMoveToProductDetailsPage -->
  <testcase classname="TestClasses.VerifyUserCanBuyProduct" name="verifyUserCanCheckout" time="0.0">
    <skipped/>
  </testcase> <!-- verifyUserCanCheckout -->
  <testcase classname="TestClasses.VerifyUserCanRemoverProductsFromCart" name="verifyUserCanGoToCart" time="0.221"/>
</testsuite> <!-- chromeTest -->
