<?xml version="1.0" encoding="UTF-8"?>
<testng-results ignored="0" total="5" passed="3" failed="1" skipped="1">
  <reporter-output>
  </reporter-output>
  <suite started-at="2022-06-13T19:52:57 IST" name="Suite" finished-at="2022-06-13T19:55:28 IST" duration-ms="151818">
    <groups>
    </groups>
    <test started-at="2022-06-13T19:52:57 IST" name="chromeTest" finished-at="2022-06-13T19:55:28 IST" duration-ms="151818">
      <class name="TestClasses.VerifyUserCanRemoverProductsFromCart">
        <test-method is-config="true" signature="beforeClass()[pri:0, instance:TestClasses.VerifyUserCanRemoverProductsFromCart@1a482e36]" started-at="2022-06-13T19:55:28 IST" name="beforeClass" finished-at="2022-06-13T19:55:28 IST" duration-ms="1" status="PASS">
          <reporter-output>
          </reporter-output>
        </test-method> <!-- beforeClass -->
        <test-method is-config="true" signature="beforeMethod()[pri:0, instance:TestClasses.VerifyUserCanRemoverProductsFromCart@1a482e36]" started-at="2022-06-13T19:55:28 IST" name="beforeMethod" finished-at="2022-06-13T19:55:28 IST" duration-ms="1" status="PASS">
          <reporter-output>
          </reporter-output>
        </test-method> <!-- beforeMethod -->
        <test-method signature="verifyUserCanGoToCart()[pri:0, instance:TestClasses.VerifyUserCanRemoverProductsFromCart@1a482e36]" started-at="2022-06-13T19:55:28 IST" name="verifyUserCanGoToCart" finished-at="2022-06-13T19:55:28 IST" duration-ms="221" status="PASS">
          <reporter-output>
          </reporter-output>
        </test-method> <!-- verifyUserCanGoToCart -->
        <test-method is-config="true" signature="afterMethod(org.testng.ITestResult)[pri:0, instance:TestClasses.VerifyUserCanRemoverProductsFromCart@1a482e36]" started-at="2022-06-13T19:55:28 IST" name="afterMethod" finished-at="2022-06-13T19:55:28 IST" duration-ms="6" status="PASS">
          <params>
            <param index="0">
              <value>
                <![CDATA[[TestResult name=verifyUserCanGoToCart status=SUCCESS method=VerifyUserCanRemoverProductsFromCart.verifyUserCanGoToCart()[pri:0, instance:TestClasses.VerifyUserCanRemoverProductsFromCart@1a482e36] output={null}]]]>
              </value>
            </param>
          </params>
          <reporter-output>
          </reporter-output>
        </test-method> <!-- afterMethod -->
        <test-method is-config="true" signature="afterClass()[pri:0, instance:TestClasses.VerifyUserCanRemoverProductsFromCart@1a482e36]" started-at="2022-06-13T19:55:28 IST" name="afterClass" finished-at="2022-06-13T19:55:28 IST" duration-ms="104" status="PASS">
          <reporter-output>
          </reporter-output>
        </test-method> <!-- afterClass -->
      </class> <!-- TestClasses.VerifyUserCanRemoverProductsFromCart -->
      <class name="TestClasses.VerifyUserCanBuyProduct">
        <test-method is-config="true" signature="beforeClass(java.lang.String)[pri:0, instance:TestClasses.VerifyUserCanBuyProduct@223191a6]" started-at="2022-06-13T19:52:57 IST" name="beforeClass" finished-at="2022-06-13T19:53:19 IST" duration-ms="22690" status="PASS">
          <params>
            <param index="0">
              <value>
                <![CDATA[chrome]]>
              </value>
            </param>
          </params>
          <reporter-output>
          </reporter-output>
        </test-method> <!-- beforeClass -->
        <test-method is-config="true" signature="beforeMethod()[pri:0, instance:TestClasses.VerifyUserCanBuyProduct@223191a6]" started-at="2022-06-13T19:53:19 IST" name="beforeMethod" finished-at="2022-06-13T19:53:19 IST" duration-ms="50" status="PASS">
          <reporter-output>
          </reporter-output>
        </test-method> <!-- beforeMethod -->
        <test-method signature="verifyUserCanLogin()[pri:1, instance:TestClasses.VerifyUserCanBuyProduct@223191a6]" started-at="2022-06-13T19:53:19 IST" name="verifyUserCanLogin" finished-at="2022-06-13T19:53:22 IST" duration-ms="2324" status="PASS">
          <reporter-output>
          </reporter-output>
        </test-method> <!-- verifyUserCanLogin -->
        <test-method is-config="true" signature="afterMethod(org.testng.ITestResult)[pri:0, instance:TestClasses.VerifyUserCanBuyProduct@223191a6]" started-at="2022-06-13T19:53:22 IST" name="afterMethod" finished-at="2022-06-13T19:53:22 IST" duration-ms="13" status="PASS">
          <params>
            <param index="0">
              <value>
                <![CDATA[[TestResult name=verifyUserCanLogin status=SUCCESS method=VerifyUserCanBuyProduct.verifyUserCanLogin()[pri:1, instance:TestClasses.VerifyUserCanBuyProduct@223191a6] output={null}]]]>
              </value>
            </param>
          </params>
          <reporter-output>
          </reporter-output>
        </test-method> <!-- afterMethod -->
        <test-method is-config="true" signature="beforeMethod()[pri:0, instance:TestClasses.VerifyUserCanBuyProduct@223191a6]" started-at="2022-06-13T19:53:22 IST" name="beforeMethod" finished-at="2022-06-13T19:53:22 IST" duration-ms="2" status="PASS">
          <reporter-output>
          </reporter-output>
        </test-method> <!-- beforeMethod -->
        <test-method signature="VerifyUserCanSearchProduct()[pri:2, instance:TestClasses.VerifyUserCanBuyProduct@223191a6]" started-at="2022-06-13T19:53:22 IST" name="VerifyUserCanSearchProduct" finished-at="2022-06-13T19:53:26 IST" duration-ms="4161" status="PASS">
          <reporter-output>
          </reporter-output>
        </test-method> <!-- VerifyUserCanSearchProduct -->
        <test-method is-config="true" signature="afterMethod(org.testng.ITestResult)[pri:0, instance:TestClasses.VerifyUserCanBuyProduct@223191a6]" started-at="2022-06-13T19:53:26 IST" name="afterMethod" finished-at="2022-06-13T19:53:26 IST" duration-ms="3" status="PASS">
          <params>
            <param index="0">
              <value>
                <![CDATA[[TestResult name=VerifyUserCanSearchProduct status=SUCCESS method=VerifyUserCanBuyProduct.VerifyUserCanSearchProduct()[pri:2, instance:TestClasses.VerifyUserCanBuyProduct@223191a6] output={null}]]]>
              </value>
            </param>
          </params>
          <reporter-output>
          </reporter-output>
        </test-method> <!-- afterMethod -->
        <test-method is-config="true" signature="beforeMethod()[pri:0, instance:TestClasses.VerifyUserCanBuyProduct@223191a6]" started-at="2022-06-13T19:53:26 IST" name="beforeMethod" finished-at="2022-06-13T19:53:26 IST" duration-ms="1" status="PASS">
          <reporter-output>
          </reporter-output>
        </test-method> <!-- beforeMethod -->
        <test-method signature="verifyUserCanSelectProductAndMoveToProductDetailsPage()[pri:3, instance:TestClasses.VerifyUserCanBuyProduct@223191a6]" started-at="2022-06-13T19:53:26 IST" name="verifyUserCanSelectProductAndMoveToProductDetailsPage" finished-at="2022-06-13T19:55:27 IST" duration-ms="121473" status="FAIL">
          <exception class="java.lang.AssertionError">
            <message>
              <![CDATA[expected [true] but found [false]]]>
            </message>
            <full-stacktrace>
              <![CDATA[java.lang.AssertionError: expected [true] but found [false]
at org.testng.Assert.fail(Assert.java:99)
at org.testng.Assert.failNotEquals(Assert.java:1037)
at org.testng.Assert.assertTrue(Assert.java:45)
at org.testng.Assert.assertTrue(Assert.java:55)
at TestClasses.VerifyUserCanBuyProduct.verifyUserCanSelectProductAndMoveToProductDetailsPage(VerifyUserCanBuyProduct.java:88)
at java.base/jdk.internal.reflect.NativeMethodAccessorImpl.invoke0(Native Method)
at java.base/jdk.internal.reflect.NativeMethodAccessorImpl.invoke(NativeMethodAccessorImpl.java:77)
at java.base/jdk.internal.reflect.DelegatingMethodAccessorImpl.invoke(DelegatingMethodAccessorImpl.java:43)
at java.base/java.lang.reflect.Method.invoke(Method.java:568)
at org.testng.internal.MethodInvocationHelper.invokeMethod(MethodInvocationHelper.java:133)
at org.testng.internal.TestInvoker.invokeMethod(TestInvoker.java:598)
at org.testng.internal.TestInvoker.invokeTestMethod(TestInvoker.java:173)
at org.testng.internal.MethodRunner.runInSequence(MethodRunner.java:46)
at org.testng.internal.TestInvoker$MethodInvocationAgent.invoke(TestInvoker.java:824)
at org.testng.internal.TestInvoker.invokeTestMethods(TestInvoker.java:146)
at org.testng.internal.TestMethodWorker.invokeTestMethods(TestMethodWorker.java:146)
at org.testng.internal.TestMethodWorker.run(TestMethodWorker.java:128)
at java.base/java.util.ArrayList.forEach(ArrayList.java:1511)
at org.testng.TestRunner.privateRun(TestRunner.java:794)
at org.testng.TestRunner.run(TestRunner.java:596)
at org.testng.SuiteRunner.runTest(SuiteRunner.java:377)
at org.testng.SuiteRunner.runSequentially(SuiteRunner.java:371)
at org.testng.SuiteRunner.privateRun(SuiteRunner.java:332)
at org.testng.SuiteRunner.run(SuiteRunner.java:276)
at org.testng.SuiteRunnerWorker.runSuite(SuiteRunnerWorker.java:53)
at org.testng.SuiteRunnerWorker.run(SuiteRunnerWorker.java:96)
at org.testng.TestNG.runSuitesSequentially(TestNG.java:1212)
at org.testng.TestNG.runSuitesLocally(TestNG.java:1134)
at org.testng.TestNG.runSuites(TestNG.java:1063)
at org.testng.TestNG.run(TestNG.java:1031)
at org.testng.remote.AbstractRemoteTestNG.run(AbstractRemoteTestNG.java:115)
at org.testng.remote.RemoteTestNG.initAndRun(RemoteTestNG.java:251)
at org.testng.remote.RemoteTestNG.main(RemoteTestNG.java:77)
]]>
            </full-stacktrace>
          </exception> <!-- java.lang.AssertionError -->
          <reporter-output>
          </reporter-output>
        </test-method> <!-- verifyUserCanSelectProductAndMoveToProductDetailsPage -->
        <test-method is-config="true" signature="afterMethod(org.testng.ITestResult)[pri:0, instance:TestClasses.VerifyUserCanBuyProduct@223191a6]" started-at="2022-06-13T19:55:27 IST" name="afterMethod" finished-at="2022-06-13T19:55:28 IST" duration-ms="324" status="PASS">
          <params>
            <param index="0">
              <value>
                <![CDATA[[TestResult name=verifyUserCanSelectProductAndMoveToProductDetailsPage status=FAILURE method=VerifyUserCanBuyProduct.verifyUserCanSelectProductAndMoveToProductDetailsPage()[pri:3, instance:TestClasses.VerifyUserCanBuyProduct@223191a6] output={null}]]]>
              </value>
            </param>
          </params>
          <reporter-output>
          </reporter-output>
        </test-method> <!-- afterMethod -->
        <test-method signature="verifyUserCanCheckout()[pri:4, instance:TestClasses.VerifyUserCanBuyProduct@223191a6]" started-at="2022-06-13T19:55:28 IST" name="verifyUserCanCheckout" finished-at="2022-06-13T19:55:28 IST" depends-on-methods="TestClasses.VerifyUserCanBuyProduct.verifyUserCanSelectProductAndMoveToProductDetailsPage" duration-ms="0" status="SKIP">
          <exception class="java.lang.Throwable">
            <message>
              <![CDATA[Method VerifyUserCanBuyProduct.verifyUserCanCheckout()[pri:4, instance:TestClasses.VerifyUserCanBuyProduct@223191a6] depends on not successfully finished methods]]>
            </message>
            <full-stacktrace>
              <![CDATA[java.lang.Throwable: Method VerifyUserCanBuyProduct.verifyUserCanCheckout()[pri:4, instance:TestClasses.VerifyUserCanBuyProduct@223191a6] depends on not successfully finished methods
at org.testng.internal.TestInvoker.invokeTestMethods(TestInvoker.java:102)
at org.testng.internal.TestMethodWorker.invokeTestMethods(TestMethodWorker.java:146)
at org.testng.internal.TestMethodWorker.run(TestMethodWorker.java:128)
at java.base/java.util.ArrayList.forEach(ArrayList.java:1511)
at org.testng.TestRunner.privateRun(TestRunner.java:794)
at org.testng.TestRunner.run(TestRunner.java:596)
at org.testng.SuiteRunner.runTest(SuiteRunner.java:377)
at org.testng.SuiteRunner.runSequentially(SuiteRunner.java:371)
at org.testng.SuiteRunner.privateRun(SuiteRunner.java:332)
at org.testng.SuiteRunner.run(SuiteRunner.java:276)
at org.testng.SuiteRunnerWorker.runSuite(SuiteRunnerWorker.java:53)
at org.testng.SuiteRunnerWorker.run(SuiteRunnerWorker.java:96)
at org.testng.TestNG.runSuitesSequentially(TestNG.java:1212)
at org.testng.TestNG.runSuitesLocally(TestNG.java:1134)
at org.testng.TestNG.runSuites(TestNG.java:1063)
at org.testng.TestNG.run(TestNG.java:1031)
at org.testng.remote.AbstractRemoteTestNG.run(AbstractRemoteTestNG.java:115)
at org.testng.remote.RemoteTestNG.initAndRun(RemoteTestNG.java:251)
at org.testng.remote.RemoteTestNG.main(RemoteTestNG.java:77)
]]>
            </full-stacktrace>
          </exception> <!-- java.lang.Throwable -->
          <reporter-output>
          </reporter-output>
        </test-method> <!-- verifyUserCanCheckout -->
        <test-method is-config="true" signature="afterClass()[pri:0, instance:TestClasses.VerifyUserCanBuyProduct@223191a6]" started-at="2022-06-13T19:55:28 IST" name="afterClass" finished-at="2022-06-13T19:55:28 IST" duration-ms="369" status="PASS">
          <reporter-output>
          </reporter-output>
        </test-method> <!-- afterClass -->
      </class> <!-- TestClasses.VerifyUserCanBuyProduct -->
    </test> <!-- chromeTest -->
  </suite> <!-- Suite -->
</testng-results>
